<?xml version="1.0" encoding="UTF-8"?>
<testng-results skipped="0" failed="0" ignored="0" total="1" passed="1">
  <reporter-output>
  </reporter-output>
  <suite name="Default suite" duration-ms="10522" started-at="2019-02-09T14:34:26Z" finished-at="2019-02-09T14:34:36Z">
    <groups>
    </groups>
    <test name="Default test" duration-ms="10522" started-at="2019-02-09T14:34:26Z" finished-at="2019-02-09T14:34:36Z">
      <class name="com.mvnsamplescript.SampleLoginforhrm">
        <test-method status="PASS" signature="hrmlogin()[pri:0, instance:com.mvnsamplescript.SampleLoginforhrm@14acaea5]" name="hrmlogin" duration-ms="10507" started-at="2019-02-09T20:04:26Z" finished-at="2019-02-09T20:04:36Z">
          <reporter-output>
          </reporter-output>
        </test-method> <!-- hrmlogin -->
      </class> <!-- com.mvnsamplescript.SampleLoginforhrm -->
    </test> <!-- Default test -->
  </suite> <!-- Default suite -->
</testng-results>
